[debug] [2026-04-06T08:39:23.231Z] ----------------------------------------------------------------------
[debug] [2026-04-06T08:39:23.234Z] Command:       C:\Program Files\nodejs\node.exe C:\Users\admin\AppData\Roaming\npm\node_modules\firebase-tools\lib\bin\firebase.js init
[debug] [2026-04-06T08:39:23.234Z] CLI Version:   15.13.0
[debug] [2026-04-06T08:39:23.234Z] Platform:      win32
[debug] [2026-04-06T08:39:23.234Z] Node Version:  v24.14.1
[debug] [2026-04-06T08:39:23.234Z] Time:          Mon Apr 06 2026 16:39:23 GMT+0800 (Philippine Standard Time)
[debug] [2026-04-06T08:39:23.234Z] ----------------------------------------------------------------------
[debug] 
[info] 
     ######## #### ########  ######## ########     ###     ######  ########
     ##        ##  ##     ## ##       ##     ##  ##   ##  ##       ##
     ######    ##  ########  ######   ########  #########  ######  ######
     ##        ##  ##    ##  ##       ##     ## ##     ##       ## ##
     ##       #### ##     ## ######## ########  ##     ##  ######  ########

You're about to initialize a Firebase project in this directory:

  C:\Users\admin\Desktop\projects\Gemma-s-Gulayan-

Before we get started, keep in mind:

  * You are initializing within an existing Firebase project directory

[info] 
=== Project Setup
[info] 
[info] First, let's associate this project directory with a Firebase project.
[info] You can create multiple project aliases by running firebase use --add, 
[info] 
[debug] [2026-04-06T08:42:19.739Z] > command requires scopes: ["email","openid","https://www.googleapis.com/auth/cloudplatformprojects.readonly","https://www.googleapis.com/auth/firebase","https://www.googleapis.com/auth/cloud-platform"]
[debug] [2026-04-06T08:42:19.740Z] > authorizing via signed-in user (markkenmadrid05@gmail.com)
[debug] [2026-04-06T08:42:19.741Z] Checked if tokens are valid: true, expires at: 1775468278166
[debug] [2026-04-06T08:42:19.741Z] Checked if tokens are valid: true, expires at: 1775468278166
[debug] [2026-04-06T08:42:19.742Z] >>> [apiv2][query] GET https://firebase.googleapis.com/v1beta1/projects/studio-2819293871-ec51f [none]
[debug] [2026-04-06T08:42:20.541Z] <<< [apiv2][status] GET https://firebase.googleapis.com/v1beta1/projects/studio-2819293871-ec51f 200
[debug] [2026-04-06T08:42:20.541Z] <<< [apiv2][body] GET https://firebase.googleapis.com/v1beta1/projects/studio-2819293871-ec51f {"projectId":"studio-2819293871-ec51f","projectNumber":"1005840971984","displayName":"Firebase app","name":"projects/studio-2819293871-ec51f","resources":{"hostingSite":"studio-2819293871-ec51f"},"state":"ACTIVE","etag":"1_4686fdd6-454a-49de-99fa-9f7b3ba3320c"}
[info] i  Using project studio-2819293871-ec51f (Firebase app) . 
[info] 
=== Hosting Setup
[info] 
[debug] [2026-04-06T08:46:22.825Z] ----------------------------------------------------------------------
[debug] [2026-04-06T08:46:22.828Z] Command:       C:\Program Files\nodejs\node.exe C:\Users\admin\AppData\Roaming\npm\node_modules\firebase-tools\lib\bin\firebase.js init
[debug] [2026-04-06T08:46:22.829Z] CLI Version:   15.13.0
[debug] [2026-04-06T08:46:22.829Z] Platform:      win32
[debug] [2026-04-06T08:46:22.829Z] Node Version:  v24.14.1
[debug] [2026-04-06T08:46:22.829Z] Time:          Mon Apr 06 2026 16:46:22 GMT+0800 (Philippine Standard Time)
[debug] [2026-04-06T08:46:22.829Z] ----------------------------------------------------------------------
[debug] 
[info] 
     ######## #### ########  ######## ########     ###     ######  ########
     ##        ##  ##     ## ##       ##     ##  ##   ##  ##       ##
     ######    ##  ########  ######   ########  #########  ######  ######
     ##        ##  ##    ##  ##       ##     ## ##     ##       ## ##
     ##       #### ##     ## ######## ########  ##     ##  ######  ########

You're about to initialize a Firebase project in this directory:

  C:\Users\admin\Desktop\projects\Gemma-s-Gulayan-

Before we get started, keep in mind:

  * You are initializing within an existing Firebase project directory

[info] 
=== Project Setup
[info] 
[info] First, let's associate this project directory with a Firebase project.
[info] You can create multiple project aliases by running firebase use --add, 
[info] 
[debug] [2026-04-06T08:46:37.296Z] > command requires scopes: ["email","openid","https://www.googleapis.com/auth/cloudplatformprojects.readonly","https://www.googleapis.com/auth/firebase","https://www.googleapis.com/auth/cloud-platform"]
[debug] [2026-04-06T08:46:37.296Z] > authorizing via signed-in user (markkenmadrid05@gmail.com)
[debug] [2026-04-06T08:46:37.298Z] Checked if tokens are valid: true, expires at: 1775468278166
[debug] [2026-04-06T08:46:37.298Z] Checked if tokens are valid: true, expires at: 1775468278166
[debug] [2026-04-06T08:46:37.299Z] >>> [apiv2][query] GET https://firebase.googleapis.com/v1beta1/projects/studio-2819293871-ec51f [none]
[debug] [2026-04-06T08:46:37.923Z] <<< [apiv2][status] GET https://firebase.googleapis.com/v1beta1/projects/studio-2819293871-ec51f 200
[debug] [2026-04-06T08:46:37.923Z] <<< [apiv2][body] GET https://firebase.googleapis.com/v1beta1/projects/studio-2819293871-ec51f {"projectId":"studio-2819293871-ec51f","projectNumber":"1005840971984","displayName":"Firebase app","name":"projects/studio-2819293871-ec51f","resources":{"hostingSite":"studio-2819293871-ec51f"},"state":"ACTIVE","etag":"1_4686fdd6-454a-49de-99fa-9f7b3ba3320c"}
[info] i  Using project studio-2819293871-ec51f (Firebase app) . 
[info] 
=== Hosting Setup
[info] 
[debug] [2026-04-06T11:01:50.844Z] ----------------------------------------------------------------------
[debug] [2026-04-06T11:01:50.865Z] Command:       C:\Program Files\nodejs\node.exe C:\Users\admin\AppData\Roaming\npm\node_modules\firebase-tools\lib\bin\firebase.js init
[debug] [2026-04-06T11:01:50.866Z] CLI Version:   15.13.0
[debug] [2026-04-06T11:01:50.867Z] Platform:      win32
[debug] [2026-04-06T11:01:50.867Z] Node Version:  v24.14.1
[debug] [2026-04-06T11:01:50.867Z] Time:          Mon Apr 06 2026 19:01:50 GMT+0800 (Philippine Standard Time)
[debug] [2026-04-06T11:01:50.868Z] ----------------------------------------------------------------------
[debug] 
[info] 
     ######## #### ########  ######## ########     ###     ######  ########
     ##        ##  ##     ## ##       ##     ##  ##   ##  ##       ##
     ######    ##  ########  ######   ########  #########  ######  ######
     ##        ##  ##    ##  ##       ##     ## ##     ##       ## ##
     ##       #### ##     ## ######## ########  ##     ##  ######  ########

You're about to initialize a Firebase project in this directory:

  C:\Users\admin\Desktop\projects\Gemma-s-Gulayan-

Before we get started, keep in mind:

  * You are initializing within an existing Firebase project directory

[info] 
=== Project Setup
[info] 
[info] First, let's associate this project directory with a Firebase project.
[info] You can create multiple project aliases by running firebase use --add, 
[info] 
[debug] [2026-04-06T11:02:08.610Z] > command requires scopes: ["email","openid","https://www.googleapis.com/auth/cloudplatformprojects.readonly","https://www.googleapis.com/auth/firebase","https://www.googleapis.com/auth/cloud-platform"]
[debug] [2026-04-06T11:02:08.611Z] > authorizing via signed-in user (markkenmadrid05@gmail.com)
[debug] [2026-04-06T11:02:08.613Z] Checked if tokens are valid: false, expires at: 1775468278166
[debug] [2026-04-06T11:02:08.614Z] Checked if tokens are valid: false, expires at: 1775468278166
[debug] [2026-04-06T11:02:08.614Z] > refreshing access token with scopes: []
[debug] [2026-04-06T11:02:08.618Z] >>> [apiv2][query] POST https://www.googleapis.com/oauth2/v3/token [none]
[debug] [2026-04-06T11:02:08.618Z] >>> [apiv2][body] POST https://www.googleapis.com/oauth2/v3/token [omitted]
[debug] [2026-04-06T11:02:08.998Z] <<< [apiv2][status] POST https://www.googleapis.com/oauth2/v3/token 200
[debug] [2026-04-06T11:02:08.998Z] <<< [apiv2][body] POST https://www.googleapis.com/oauth2/v3/token [omitted]
[debug] [2026-04-06T11:02:09.020Z] >>> [apiv2][query] GET https://firebase.googleapis.com/v1beta1/projects/studio-2819293871-ec51f [none]
[debug] [2026-04-06T11:02:10.436Z] <<< [apiv2][status] GET https://firebase.googleapis.com/v1beta1/projects/studio-2819293871-ec51f 200
[debug] [2026-04-06T11:02:10.437Z] <<< [apiv2][body] GET https://firebase.googleapis.com/v1beta1/projects/studio-2819293871-ec51f {"projectId":"studio-2819293871-ec51f","projectNumber":"1005840971984","displayName":"Firebase app","name":"projects/studio-2819293871-ec51f","resources":{"hostingSite":"studio-2819293871-ec51f"},"state":"ACTIVE","etag":"1_4686fdd6-454a-49de-99fa-9f7b3ba3320c"}
[info] i  Using project studio-2819293871-ec51f (Firebase app) . 
[info] 
=== Hosting Setup
[info] 
